<?xml version="1.0" encoding="UTF-8"?>
<!-- Generated by org.testng.reporters.JUnitReportReporter -->
<testsuite skipped="0" hostname="DESKTOP-5TOK6QG" name="signin.SignInFunctionality" tests="2" failures="0" timestamp="2021-11-03T18:24:44 BDT" time="2.321" errors="0">
  <testcase name="valid_signIn" time="0.505" classname="signin.SignInFunctionality"/>
  <system-out/>
  <testcase name="signIn_onlyEmail" time="1.816" classname="signin.SignInFunctionality"/>
  <system-out/>
</testsuite> <!-- signin.SignInFunctionality -->
