<?xml version="1.0" encoding="UTF-8"?>
<!-- Generated by org.testng.reporters.JUnitReportReporter -->
<testsuite skipped="0" hostname="DESKTOP-5TOK6QG" name="user_list.user_list" tests="1" failures="0" timestamp="2021-11-03T18:24:44 BDT" time="1.625" errors="0">
  <testcase name="user_list" time="1.625" classname="user_list.user_list"/>
  <system-out/>
</testsuite> <!-- user_list.user_list -->
