<?xml version="1.0" encoding="UTF-8"?>
<!-- Generated by org.testng.reporters.JUnitReportReporter -->
<testsuite skipped="0" hostname="DESKTOP-5TOK6QG" name="users.create_user" tests="1" failures="0" timestamp="2021-11-03T18:24:44 BDT" time="0.548" errors="0">
  <testcase name="create_new_user" time="0.548" classname="users.create_user"/>
  <system-out/>
</testsuite> <!-- users.create_user -->
