<?xml version="1.0" encoding="UTF-8"?>
<!-- Generated by org.testng.reporters.JUnitReportReporter -->
<testsuite skipped="0" hostname="DESKTOP-5TOK6QG" name="registration.registration_functionality" tests="4" failures="0" timestamp="2021-11-03T18:24:44 BDT" time="9.909" errors="0">
  <testcase name="valid_signup" time="6.989" classname="registration.registration_functionality"/>
  <system-out/>
  <testcase name="invalid_signup" time="1.909" classname="registration.registration_functionality"/>
  <system-out/>
  <testcase name="wrong_credential" time="0.504" classname="registration.registration_functionality"/>
  <system-out/>
  <testcase name="signup_onlyPassword" time="0.507" classname="registration.registration_functionality"/>
  <system-out/>
</testsuite> <!-- registration.registration_functionality -->
