<?xml version="1.0" encoding="UTF-8"?>
<!-- Generated by org.testng.reporters.JUnitReportReporter -->
<testsuite skipped="0" hostname="DESKTOP-5TOK6QG" name="users.update_user" tests="1" failures="0" timestamp="2021-11-03T18:24:44 BDT" time="1.890" errors="0">
  <testcase name="update_user" time="1.890" classname="users.update_user"/>
  <system-out/>
</testsuite> <!-- users.update_user -->
